<?xml version="1.0" encoding="UTF-8"?>
<testsuite xmlns:xsi="http://www.w3.org/2001/XMLSchema-instance" xsi:noNamespaceSchemaLocation="https://maven.apache.org/surefire/maven-surefire-plugin/xsd/surefire-test-report-3.0.xsd" version="3.0" name="ar.edu.unahur.obj2.FIltroTest" time="0.571" tests="1" errors="0" skipped="0" failures="0">
  <properties>
    <property name="java.specification.version" value="21"/>
    <property name="sun.jnu.encoding" value="UTF-8"/>
    <property name="java.class.path" value="/home/valentino/obj2/solucion/target/test-classes:/home/valentino/obj2/solucion/target/classes:/home/valentino/.m2/repository/com/fasterxml/jackson/core/jackson-databind/2.18.2/jackson-databind-2.18.2.jar:/home/valentino/.m2/repository/com/fasterxml/jackson/core/jackson-annotations/2.18.2/jackson-annotations-2.18.2.jar:/home/valentino/.m2/repository/com/fasterxml/jackson/core/jackson-core/2.18.2/jackson-core-2.18.2.jar:/home/valentino/.m2/repository/org/springframework/spring-core/5.3.29/spring-core-5.3.29.jar:/home/valentino/.m2/repository/org/springframework/spring-jcl/5.3.29/spring-jcl-5.3.29.jar:/home/valentino/.m2/repository/org/junit/jupiter/junit-jupiter-engine/5.12.0/junit-jupiter-engine-5.12.0.jar:/home/valentino/.m2/repository/org/junit/platform/junit-platform-engine/1.12.0/junit-platform-engine-1.12.0.jar:/home/valentino/.m2/repository/org/opentest4j/opentest4j/1.3.0/opentest4j-1.3.0.jar:/home/valentino/.m2/repository/org/junit/platform/junit-platform-commons/1.12.0/junit-platform-commons-1.12.0.jar:/home/valentino/.m2/repository/org/junit/jupiter/junit-jupiter-api/5.12.0/junit-jupiter-api-5.12.0.jar:/home/valentino/.m2/repository/org/apiguardian/apiguardian-api/1.1.2/apiguardian-api-1.1.2.jar:"/>
    <property name="java.vm.vendor" value="Ubuntu"/>
    <property name="sun.arch.data.model" value="64"/>
    <property name="java.vendor.url" value="https://ubuntu.com/"/>
    <property name="user.timezone" value="America/Argentina/Buenos_Aires"/>
    <property name="os.name" value="Linux"/>
    <property name="java.vm.specification.version" value="21"/>
    <property name="sun.java.launcher" value="SUN_STANDARD"/>
    <property name="user.country" value="AR"/>
    <property name="sun.boot.library.path" value="/usr/lib/jvm/java-21-openjdk-amd64/lib"/>
    <property name="sun.java.command" value="/home/valentino/obj2/solucion/target/surefire/surefirebooter-20250425115559985_3.jar /home/valentino/obj2/solucion/target/surefire 2025-04-25T11-55-59_908-jvmRun1 surefire-20250425115559985_1tmp surefire_0-20250425115559985_2tmp"/>
    <property name="jdk.debug" value="release"/>
    <property name="surefire.test.class.path" value="/home/valentino/obj2/solucion/target/test-classes:/home/valentino/obj2/solucion/target/classes:/home/valentino/.m2/repository/com/fasterxml/jackson/core/jackson-databind/2.18.2/jackson-databind-2.18.2.jar:/home/valentino/.m2/repository/com/fasterxml/jackson/core/jackson-annotations/2.18.2/jackson-annotations-2.18.2.jar:/home/valentino/.m2/repository/com/fasterxml/jackson/core/jackson-core/2.18.2/jackson-core-2.18.2.jar:/home/valentino/.m2/repository/org/springframework/spring-core/5.3.29/spring-core-5.3.29.jar:/home/valentino/.m2/repository/org/springframework/spring-jcl/5.3.29/spring-jcl-5.3.29.jar:/home/valentino/.m2/repository/org/junit/jupiter/junit-jupiter-engine/5.12.0/junit-jupiter-engine-5.12.0.jar:/home/valentino/.m2/repository/org/junit/platform/junit-platform-engine/1.12.0/junit-platform-engine-1.12.0.jar:/home/valentino/.m2/repository/org/opentest4j/opentest4j/1.3.0/opentest4j-1.3.0.jar:/home/valentino/.m2/repository/org/junit/platform/junit-platform-commons/1.12.0/junit-platform-commons-1.12.0.jar:/home/valentino/.m2/repository/org/junit/jupiter/junit-jupiter-api/5.12.0/junit-jupiter-api-5.12.0.jar:/home/valentino/.m2/repository/org/apiguardian/apiguardian-api/1.1.2/apiguardian-api-1.1.2.jar:"/>
    <property name="sun.cpu.endian" value="little"/>
    <property name="user.home" value="/home/valentino"/>
    <property name="user.language" value="es"/>
    <property name="java.specification.vendor" value="Oracle Corporation"/>
    <property name="java.version.date" value="2025-01-21"/>
    <property name="java.home" value="/usr/lib/jvm/java-21-openjdk-amd64"/>
    <property name="file.separator" value="/"/>
    <property name="basedir" value="/home/valentino/obj2/solucion"/>
    <property name="java.vm.compressedOopsMode" value="Zero based"/>
    <property name="line.separator" value="&#10;"/>
    <property name="java.specification.name" value="Java Platform API Specification"/>
    <property name="java.vm.specification.vendor" value="Oracle Corporation"/>
    <property name="surefire.real.class.path" value="/home/valentino/obj2/solucion/target/surefire/surefirebooter-20250425115559985_3.jar"/>
    <property name="sun.management.compiler" value="HotSpot 64-Bit Tiered Compilers"/>
    <property name="java.runtime.version" value="21.0.6+7-Ubuntu-124.04.1"/>
    <property name="user.name" value="valentino"/>
    <property name="stdout.encoding" value="UTF-8"/>
    <property name="path.separator" value=":"/>
    <property name="os.version" value="6.8.0-57-generic"/>
    <property name="java.runtime.name" value="OpenJDK Runtime Environment"/>
    <property name="file.encoding" value="UTF-8"/>
    <property name="java.vm.name" value="OpenJDK 64-Bit Server VM"/>
    <property name="localRepository" value="/home/valentino/.m2/repository"/>
    <property name="java.vendor.url.bug" value="https://bugs.launchpad.net/ubuntu/+source/openjdk-21"/>
    <property name="java.io.tmpdir" value="/tmp"/>
    <property name="java.version" value="21.0.6"/>
    <property name="user.dir" value="/home/valentino/obj2/solucion"/>
    <property name="os.arch" value="amd64"/>
    <property name="java.vm.specification.name" value="Java Virtual Machine Specification"/>
    <property name="native.encoding" value="UTF-8"/>
    <property name="java.library.path" value="/usr/java/packages/lib:/usr/lib/x86_64-linux-gnu/jni:/lib/x86_64-linux-gnu:/usr/lib/x86_64-linux-gnu:/usr/lib/jni:/lib:/usr/lib"/>
    <property name="java.vm.info" value="mixed mode, sharing"/>
    <property name="stderr.encoding" value="UTF-8"/>
    <property name="java.vendor" value="Ubuntu"/>
    <property name="java.vm.version" value="21.0.6+7-Ubuntu-124.04.1"/>
    <property name="sun.io.unicode.encoding" value="UnicodeLittle"/>
    <property name="java.class.version" value="65.0"/>
  </properties>
  <testcase name="prueba" classname="ar.edu.unahur.obj2.FIltroTest" time="0.541">
    <system-out><![CDATA[Primer Filtro
Pais [nombre=Australia, capital=Canberra, region=Oceania, subRegion=Australia and New Zealand, poblacion=25687041, idiomas=[English], esIsla()=true]
Pais [nombre=Brazil, capital=BrasÃ­lia, region=Americas, subRegion=South America, poblacion=212559409, idiomas=[Portuguese], esIsla()=false]
Pais [nombre=China, capital=Beijing, region=Asia, subRegion=Eastern Asia, poblacion=1402112000, idiomas=[Chinese], esIsla()=false]
Pais [nombre=India, capital=New Delhi, region=Asia, subRegion=Southern Asia, poblacion=1380004385, idiomas=[Hindi, English], esIsla()=false]
Pais [nombre=Japan, capital=Tokyo, region=Asia, subRegion=Eastern Asia, poblacion=125836021, idiomas=[Japanese], esIsla()=true]
Pais [nombre=Madagascar, capital=Antananarivo, region=Africa, subRegion=Eastern Africa, poblacion=27691019, idiomas=[French, Malagasy], esIsla()=true]
Pais [nombre=Mexico, capital=Mexico City, region=Americas, subRegion=North America, poblacion=128932753, idiomas=[Spanish], esIsla()=false]
Pais [nombre=Philippines, capital=Manila, region=Asia, subRegion=South-Eastern Asia, poblacion=109581085, idiomas=[English], esIsla()=true]
Pais [nombre=Taiwan, capital=Taipei, region=Asia, subRegion=Eastern Asia, poblacion=23503349, idiomas=[Chinese], esIsla()=true]
Pais [nombre=United States of America, capital=Washington, D.C., region=Americas, subRegion=Northern America, poblacion=329484123, idiomas=[English], esIsla()=false]
Segundo Filtro
Pais [nombre=Japan, capital=Tokyo, region=Asia, subRegion=Eastern Asia, poblacion=125836021, idiomas=[Japanese], esIsla()=true]
Pais [nombre=Philippines, capital=Manila, region=Asia, subRegion=South-Eastern Asia, poblacion=109581085, idiomas=[English], esIsla()=true]
]]></system-out>
  </testcase>
</testsuite>